docs/design/V4.2/evidence/controlled-runtime/rerun_history.drawio: exit=0
docs/design/V4.2/evidence/controlled-runtime/workflow_status.drawio: exit=0
docs/design/V4.2/evidence/headless-interaction/artifact_lineage.drawio: exit=0
docs/design/V4.2/evidence/headless-interaction/workflow.drawio: exit=0
docs/design/V4.2/evidence/headless-interaction/workflow_status.drawio: exit=0
docs/design/V4.3/evidence/serial-video-workflow/video_artifact_lineage.drawio: exit=0
docs/design/V4.3/evidence/serial-video-workflow/video_workflow.drawio: exit=0
docs/design/V4.3/evidence/serial-video-workflow/video_workflow_status.drawio: exit=0
docs/design/V4.4/evidence/parallel-deliberation/deliberation_artifact_lineage.drawio: exit=0
docs/design/V4.4/evidence/parallel-deliberation/deliberation_status.drawio: exit=0
docs/design/V4.4/evidence/parallel-deliberation/deliberation_workflow.drawio: exit=0
docs/design/V4.5/evidence/engineering-workflow/engineering_artifact_lineage.drawio: exit=0
docs/design/V4.5/evidence/engineering-workflow/engineering_board.drawio: exit=0
docs/design/V4.5/evidence/engineering-workflow/engineering_status.drawio: exit=0
docs/design/V4.x/evidence/real-multi-agent/UX-08-serial-video/artifact_lineage.drawio: exit=0
docs/design/V4.x/evidence/real-multi-agent/UX-08-serial-video/workflow.drawio: exit=0
docs/design/V4.x/evidence/real-multi-agent/UX-08-serial-video/workflow_status.drawio: exit=0
docs/design/V4.x/evidence/real-multi-agent/UX-09-parallel-deliberation/artifact_lineage.drawio: exit=0
docs/design/V4.x/evidence/real-multi-agent/UX-09-parallel-deliberation/workflow.drawio: exit=0
docs/design/V4.x/evidence/real-multi-agent/UX-09-parallel-deliberation/workflow_status.drawio: exit=0
docs/design/V4.x/evidence/real-multi-agent/UX-10-engineering-workflow/artifact_lineage.drawio: exit=0
docs/design/V4.x/evidence/real-multi-agent/UX-10-engineering-workflow/workflow.drawio: exit=0
docs/design/V4.x/evidence/real-multi-agent/UX-10-engineering-workflow/workflow_status.drawio: exit=0